[
  {
    "line": 1,
    "elements": [
      {
        "line": 13,
        "name": "Data driving for valid sign-in test.",
        "description": "",
        "id": "signin-test-on-web-application;data-driving-for-valid-sign-in-test.;;2",
        "type": "scenario",
        "keyword": "Scenario Outline",
        "steps": [
          {
            "result": {
              "duration": 4473651000,
              "error_message": "org.openqa.selenium.WebDriverException: chrome not reachable\n  (Session info: chrome\u003d72.0.3626.109)\n  (Driver info: chromedriver\u003d73.0.3683.20 (8e2b610813e167eee3619ac4ce6e42e3ec622017),platform\u003dWindows NT 10.0.17763 x86_64) (WARNING: The server did not provide any stacktrace information)\nCommand duration or timeout: 0 milliseconds\nBuild info: version: \u00273.12.0\u0027, revision: \u00277c6e0b3\u0027, time: \u00272018-05-08T14:04:26.12Z\u0027\nSystem info: host: \u0027AMW-G1\u0027, ip: \u002710.0.75.1\u0027, os.name: \u0027Windows 10\u0027, os.arch: \u0027amd64\u0027, os.version: \u002710.0\u0027, java.version: \u00271.8.0_131\u0027\nDriver info: org.openqa.selenium.chrome.ChromeDriver\nCapabilities {acceptInsecureCerts: false, acceptSslCerts: false, applicationCacheEnabled: false, browserConnectionEnabled: false, browserName: chrome, chrome: {chromedriverVersion: 73.0.3683.20 (8e2b610813e16..., userDataDir: C:\\Users\\ALMOIN~1\\AppData\\L...}, cssSelectorsEnabled: true, databaseEnabled: false, goog:chromeOptions: {debuggerAddress: localhost:53094}, handlesAlerts: true, hasTouchScreen: false, javascriptEnabled: true, locationContextEnabled: true, mobileEmulationEnabled: false, nativeEvents: true, networkConnectionEnabled: false, pageLoadStrategy: normal, platform: XP, platformName: XP, proxy: Proxy(), rotatable: false, setWindowRect: true, strictFileInteractability: false, takesHeapSnapshot: true, takesScreenshot: true, timeouts: {implicit: 0, pageLoad: 300000, script: 30000}, unexpectedAlertBehaviour: ignore, unhandledPromptBehavior: ignore, version: 72.0.3626.109, webStorageEnabled: true}\nSession ID: d9a741e798a4e48de9507a19f13ca815\r\n\tat sun.reflect.NativeConstructorAccessorImpl.newInstance0(Native Method)\r\n\tat sun.reflect.NativeConstructorAccessorImpl.newInstance(NativeConstructorAccessorImpl.java:62)\r\n\tat sun.reflect.DelegatingConstructorAccessorImpl.newInstance(DelegatingConstructorAccessorImpl.java:45)\r\n\tat java.lang.reflect.Constructor.newInstance(Constructor.java:423)\r\n\tat org.openqa.selenium.remote.ErrorHandler.createThrowable(ErrorHandler.java:214)\r\n\tat org.openqa.selenium.remote.ErrorHandler.throwIfResponseFailed(ErrorHandler.java:166)\r\n\tat org.openqa.selenium.remote.http.JsonHttpResponseCodec.reconstructValue(JsonHttpResponseCodec.java:40)\r\n\tat org.openqa.selenium.remote.http.AbstractHttpResponseCodec.decode(AbstractHttpResponseCodec.java:80)\r\n\tat org.openqa.selenium.remote.http.AbstractHttpResponseCodec.decode(AbstractHttpResponseCodec.java:44)\r\n\tat org.openqa.selenium.remote.HttpCommandExecutor.execute(HttpCommandExecutor.java:158)\r\n\tat org.openqa.selenium.remote.service.DriverCommandExecutor.execute(DriverCommandExecutor.java:83)\r\n\tat org.openqa.selenium.remote.RemoteWebDriver.execute(RemoteWebDriver.java:543)\r\n\tat org.openqa.selenium.remote.RemoteWebDriver.get(RemoteWebDriver.java:271)\r\n\tat browserSetup.loginStep.Login_Step_definition.open_the_website_url(Login_Step_definition.java:26)\r\n\tat ✽.Given Open the application url.(src/test/resources/LoginTest.feature:4)\r\n",
              "status": "failed"
            },
            "line": 4,
            "name": "Open the application url.",
            "match": {
              "location": "Login_Step_definition.open_the_website_url()"
            },
            "keyword": "Given "
          },
          {
            "result": {
              "status": "skipped"
            },
            "line": 5,
            "name": "Click on Join now for free CTA.",
            "match": {
              "location": "Login_Step_definition.click_on_Login_button()"
            },
            "keyword": "Then "
          },
          {
            "result": {
              "status": "skipped"
            },
            "line": 6,
            "name": "Click on Sign up with face book CTA.",
            "match": {
              "location": "Login_Step_definition.click_Sign_up_with_face_book()"
            },
            "keyword": "Then "
          },
          {
            "result": {
              "status": "skipped"
            },
            "line": 7,
            "name": "Enter email address as \"test.shadab@gmail.com\".",
            "match": {
              "arguments": [
                {
                  "val": "test.shadab@gmail.com",
                  "offset": 24
                }
              ],
              "location": "Login_Step_definition.enter_user_email_address_as(String)"
            },
            "matchedColumns": [
              0
            ],
            "keyword": "Then "
          },
          {
            "result": {
              "status": "skipped"
            },
            "line": 8,
            "name": "Enter the Password \"shadabsha@123\".",
            "match": {
              "arguments": [
                {
                  "val": "shadabsha@123",
                  "offset": 20
                }
              ],
              "location": "Login_Step_definition.enter_the_Password(String)"
            },
            "matchedColumns": [
              1
            ],
            "keyword": "Then "
          },
          {
            "result": {
              "status": "skipped"
            },
            "line": 9,
            "name": "Click on Login CTA.",
            "match": {
              "location": "Login_Step_definition.click__Login_button()"
            },
            "keyword": "Then "
          },
          {
            "result": {
              "status": "skipped"
            },
            "line": 10,
            "name": "Click On Start your own campaign CTA.",
            "match": {
              "location": "Login_Step_definition.click_On_Start_your_own_campaign_CTA()"
            },
            "keyword": "Then "
          }
        ],
        "tags": [
          {
            "line": 2,
            "name": "@validLogintest"
          }
        ]
      },
      {
        "line": 27,
        "name": "Data driving for fileed valid data.",
        "description": "",
        "id": "signin-test-on-web-application;data-driving-for-fileed-valid-data.;;2",
        "type": "scenario",
        "keyword": "Scenario Outline",
        "steps": [
          {
            "result": {
              "duration": 6087354100,
              "error_message": "org.openqa.selenium.WebDriverException: chrome not reachable\n  (Session info: chrome\u003d72.0.3626.109)\n  (Driver info: chromedriver\u003d73.0.3683.20 (8e2b610813e167eee3619ac4ce6e42e3ec622017),platform\u003dWindows NT 10.0.17763 x86_64) (WARNING: The server did not provide any stacktrace information)\nCommand duration or timeout: 0 milliseconds\nBuild info: version: \u00273.12.0\u0027, revision: \u00277c6e0b3\u0027, time: \u00272018-05-08T14:04:26.12Z\u0027\nSystem info: host: \u0027AMW-G1\u0027, ip: \u002710.0.75.1\u0027, os.name: \u0027Windows 10\u0027, os.arch: \u0027amd64\u0027, os.version: \u002710.0\u0027, java.version: \u00271.8.0_131\u0027\nDriver info: org.openqa.selenium.chrome.ChromeDriver\nCapabilities {acceptInsecureCerts: false, acceptSslCerts: false, applicationCacheEnabled: false, browserConnectionEnabled: false, browserName: chrome, chrome: {chromedriverVersion: 73.0.3683.20 (8e2b610813e16..., userDataDir: C:\\Users\\ALMOIN~1\\AppData\\L...}, cssSelectorsEnabled: true, databaseEnabled: false, goog:chromeOptions: {debuggerAddress: localhost:53094}, handlesAlerts: true, hasTouchScreen: false, javascriptEnabled: true, locationContextEnabled: true, mobileEmulationEnabled: false, nativeEvents: true, networkConnectionEnabled: false, pageLoadStrategy: normal, platform: XP, platformName: XP, proxy: Proxy(), rotatable: false, setWindowRect: true, strictFileInteractability: false, takesHeapSnapshot: true, takesScreenshot: true, timeouts: {implicit: 0, pageLoad: 300000, script: 30000}, unexpectedAlertBehaviour: ignore, unhandledPromptBehavior: ignore, version: 72.0.3626.109, webStorageEnabled: true}\nSession ID: d9a741e798a4e48de9507a19f13ca815\n*** Element info: {Using\u003did, value\u003dcharity_campaign_goal_dollars}\r\n\tat sun.reflect.NativeConstructorAccessorImpl.newInstance0(Native Method)\r\n\tat sun.reflect.NativeConstructorAccessorImpl.newInstance(NativeConstructorAccessorImpl.java:62)\r\n\tat sun.reflect.DelegatingConstructorAccessorImpl.newInstance(DelegatingConstructorAccessorImpl.java:45)\r\n\tat java.lang.reflect.Constructor.newInstance(Constructor.java:423)\r\n\tat org.openqa.selenium.remote.ErrorHandler.createThrowable(ErrorHandler.java:214)\r\n\tat org.openqa.selenium.remote.ErrorHandler.throwIfResponseFailed(ErrorHandler.java:166)\r\n\tat org.openqa.selenium.remote.http.JsonHttpResponseCodec.reconstructValue(JsonHttpResponseCodec.java:40)\r\n\tat org.openqa.selenium.remote.http.AbstractHttpResponseCodec.decode(AbstractHttpResponseCodec.java:80)\r\n\tat org.openqa.selenium.remote.http.AbstractHttpResponseCodec.decode(AbstractHttpResponseCodec.java:44)\r\n\tat org.openqa.selenium.remote.HttpCommandExecutor.execute(HttpCommandExecutor.java:158)\r\n\tat org.openqa.selenium.remote.service.DriverCommandExecutor.execute(DriverCommandExecutor.java:83)\r\n\tat org.openqa.selenium.remote.RemoteWebDriver.execute(RemoteWebDriver.java:543)\r\n\tat org.openqa.selenium.remote.RemoteWebDriver.findElement(RemoteWebDriver.java:317)\r\n\tat org.openqa.selenium.remote.RemoteWebDriver.findElementById(RemoteWebDriver.java:363)\r\n\tat org.openqa.selenium.By$ById.findElement(By.java:188)\r\n\tat org.openqa.selenium.remote.RemoteWebDriver.findElement(RemoteWebDriver.java:309)\r\n\tat browserSetup.loginStep.Login_Step_definition.enter_the_charity(Login_Step_definition.java:96)\r\n\tat ✽.And Enter the charity amount \"12\".(src/test/resources/LoginTest.feature:16)\r\n",
              "status": "failed"
            },
            "line": 16,
            "name": "Enter the charity amount \"12\".",
            "match": {
              "arguments": [
                {
                  "val": "12",
                  "offset": 26
                }
              ],
              "location": "Login_Step_definition.enter_the_charity(String)"
            },
            "matchedColumns": [
              0
            ],
            "keyword": "And "
          },
          {
            "result": {
              "status": "skipped"
            },
            "line": 17,
            "name": "Enter the campaign title \"shadab\".",
            "match": {
              "arguments": [
                {
                  "val": "shadab",
                  "offset": 26
                }
              ],
              "location": "Login_Step_definition.enter_the_campaign_title(String)"
            },
            "matchedColumns": [
              1
            ],
            "keyword": "And "
          },
          {
            "result": {
              "status": "skipped"
            },
            "line": 18,
            "name": "Enter the Find charity \"qa\".",
            "match": {
              "arguments": [
                {
                  "val": "qa",
                  "offset": 24
                }
              ],
              "location": "Login_Step_definition.enter_the_Find_charity(String)"
            },
            "matchedColumns": [
              2
            ],
            "keyword": "And "
          },
          {
            "result": {
              "status": "skipped"
            },
            "line": 19,
            "name": "Enter the Description charity \"test\".",
            "match": {
              "arguments": [
                {
                  "val": "test",
                  "offset": 31
                }
              ],
              "location": "Login_Step_definition.enter_the_Description_charity(String)"
            },
            "matchedColumns": [
              3
            ],
            "keyword": "And "
          },
          {
            "result": {
              "status": "skipped"
            },
            "line": 20,
            "name": "Click the Next CTA.",
            "match": {
              "location": "Login_Step_definition.click_the_Next_CTA()"
            },
            "keyword": "And "
          },
          {
            "result": {
              "status": "skipped"
            },
            "line": 21,
            "name": "Enter the Topic Name \"test\".",
            "match": {
              "arguments": [
                {
                  "val": "test",
                  "offset": 22
                }
              ],
              "location": "Login_Step_definition.enter_the_Topic_Name(String)"
            },
            "matchedColumns": [
              4
            ],
            "keyword": "And "
          },
          {
            "result": {
              "status": "skipped"
            },
            "line": 22,
            "name": "Click on create CTA.",
            "match": {
              "location": "Login_Step_definition.click_on_create_CTA()"
            },
            "keyword": "And "
          },
          {
            "result": {
              "status": "skipped"
            },
            "line": 23,
            "name": "Click on Edit campaign.",
            "match": {
              "location": "Login_Step_definition.click_on_Edit_campaign()"
            },
            "keyword": "And "
          },
          {
            "result": {
              "status": "skipped"
            },
            "line": 24,
            "name": "Click on Invite your team.",
            "match": {
              "location": "Login_Step_definition.click_on_Invite_your_team()"
            },
            "keyword": "And "
          }
        ]
      }
    ],
    "name": "signin Test On Web Application",
    "description": "",
    "id": "signin-test-on-web-application",
    "keyword": "Feature",
    "uri": "src/test/resources/LoginTest.feature"
  }
]